0 info it worked if it ends with ok
1 verbose cli [ 'D:\\Program Files\\nodejs\\node.exe',
1 verbose cli   'D:\\Program Files\\nodejs\\node_modules\\npm\\bin\\npm-cli.js',
1 verbose cli   'run',
1 verbose cli   'dev' ]
2 info using npm@4.1.2
3 info using node@v7.7.3
4 verbose run-script [ 'predev', 'dev', 'postdev' ]
5 info lifecycle wtwov@1.0.0~predev: wtwov@1.0.0
6 silly lifecycle wtwov@1.0.0~predev: no script for predev, continuing
7 info lifecycle wtwov@1.0.0~dev: wtwov@1.0.0
8 verbose lifecycle wtwov@1.0.0~dev: unsafe-perm in lifecycle true
9 verbose lifecycle wtwov@1.0.0~dev: PATH: D:\Program Files\nodejs\node_modules\npm\bin\node-gyp-bin;E:\project\oms\DM\node_modules\.bin;C:\Program Files\Java\jdk1.8.0_31\bin;C:\ProgramData\Oracle\Java\javapath;C:\Program Files (x86)\Intel\iCLS Client\;C:\Program Files\Intel\iCLS Client\;C:\Windows\system32;C:\Windows;C:\Windows\System32\Wbem;C:\Windows\System32\WindowsPowerShell\v1.0\;C:\Program Files (x86)\Intel\Intel(R) Management Engine Components\DAL;C:\Program Files\Intel\Intel(R) Management Engine Components\DAL;C:\Program Files (x86)\Intel\Intel(R) Management Engine Components\IPT;C:\Program Files\Intel\Intel(R) Management Engine Components\IPT;C:\Program Files (x86)\NVIDIA Corporation\PhysX\Common;D:\Program Files\nodejs\;D:\Program Files\TortoiseSVN\bin;d:\Program Files\Git\cmd;C:\Program Files\Java\jdk1.8.0_31\bin；;C:\Users\Shinelon\AppData\Local\Microsoft\WindowsApps;C:\Users\Shinelon\AppData\Roaming\npm;d:\Program Files (x86)\Microsoft VS Code\bin
10 verbose lifecycle wtwov@1.0.0~dev: CWD: E:\project\oms\DM
11 silly lifecycle wtwov@1.0.0~dev: Args: [ '/d /s /c', 'node dev-server' ]
12 silly lifecycle wtwov@1.0.0~dev: Returned: code: 3221225786  signal: null
13 info lifecycle wtwov@1.0.0~dev: Failed to exec dev script
14 verbose stack Error: wtwov@1.0.0 dev: `node dev-server`
14 verbose stack Exit status 3221225786
14 verbose stack     at EventEmitter.<anonymous> (D:\Program Files\nodejs\node_modules\npm\lib\utils\lifecycle.js:279:16)
14 verbose stack     at emitTwo (events.js:106:13)
14 verbose stack     at EventEmitter.emit (events.js:194:7)
14 verbose stack     at ChildProcess.<anonymous> (D:\Program Files\nodejs\node_modules\npm\lib\utils\spawn.js:40:14)
14 verbose stack     at emitTwo (events.js:106:13)
14 verbose stack     at ChildProcess.emit (events.js:194:7)
14 verbose stack     at maybeClose (internal/child_process.js:899:16)
14 verbose stack     at Process.ChildProcess._handle.onexit (internal/child_process.js:226:5)
15 verbose pkgid wtwov@1.0.0
16 verbose cwd E:\project\oms\DM
17 error Windows_NT 10.0.14393
18 error argv "D:\\Program Files\\nodejs\\node.exe" "D:\\Program Files\\nodejs\\node_modules\\npm\\bin\\npm-cli.js" "run" "dev"
19 error node v7.7.3
20 error npm  v4.1.2
21 error code ELIFECYCLE
22 error wtwov@1.0.0 dev: `node dev-server`
22 error Exit status 3221225786
23 error Failed at the wtwov@1.0.0 dev script 'node dev-server'.
23 error Make sure you have the latest version of node.js and npm installed.
23 error If you do, this is most likely a problem with the wtwov package,
23 error not with npm itself.
23 error Tell the author that this fails on your system:
23 error     node dev-server
23 error You can get information on how to open an issue for this project with:
23 error     npm bugs wtwov
23 error Or if that isn't available, you can get their info via:
23 error     npm owner ls wtwov
23 error There is likely additional logging output above.
24 verbose exit [ 1, true ]
